<?xml version="1.0" encoding="UTF-8"?>
<!-- Generated by org.testng.reporters.JUnitReportReporter -->
<testsuite hostname="LAPTOP-DS2GTC0C" failures="0" tests="1" name="project_name.CreateContactTest" time="0.004" errors="0" timestamp="2022-01-25T17:33:14 IST" skipped="0">
  <testcase classname="project_name.CreateContactTest" name="createContactTest" time="0.004"/>
  <system-out/>
</testsuite> <!-- project_name.CreateContactTest -->
