<?xml version="1.0" encoding="UTF-8"?>
<!-- Generated by org.testng.reporters.JUnitReportReporter -->
<testsuite hostname="LAPTOP-DS2GTC0C" failures="0" tests="1" name="project1.CreateOrgTest" time="0.001" errors="0" timestamp="2022-01-25T17:33:14 IST" skipped="0">
  <testcase classname="project1.CreateOrgTest" name="createorgTest" time="0.001"/>
  <system-out/>
</testsuite> <!-- project1.CreateOrgTest -->
